Determining if the pthread_create exist failed with the following output:
Change Dir: /home/dgxuser125/rt-kennan/Swish/build/CMakeFiles/CMakeTmp

Run Build Command(s):/usr/bin/make cmTC_a1fbe/fast 
/usr/bin/make -f CMakeFiles/cmTC_a1fbe.dir/build.make CMakeFiles/cmTC_a1fbe.dir/build
make[1]: Entering directory '/home/dgxuser125/rt-kennan/Swish/build/CMakeFiles/CMakeTmp'
Building CXX object CMakeFiles/cmTC_a1fbe.dir/CheckSymbolExists.cxx.o
/usr/bin/c++    -Wall -Wno-long-long -pedantic -Wno-deprecated-declarations -Wno-deprecated-declarations    -o CMakeFiles/cmTC_a1fbe.dir/CheckSymbolExists.cxx.o -c /home/dgxuser125/rt-kennan/Swish/build/CMakeFiles/CMakeTmp/CheckSymbolExists.cxx
Linking CXX executable cmTC_a1fbe
/usr/local/bin/cmake -E cmake_link_script CMakeFiles/cmTC_a1fbe.dir/link.txt --verbose=1
/usr/bin/c++   -Wall -Wno-long-long -pedantic -Wno-deprecated-declarations -Wno-deprecated-declarations     CMakeFiles/cmTC_a1fbe.dir/CheckSymbolExists.cxx.o  -o cmTC_a1fbe 
CMakeFiles/cmTC_a1fbe.dir/CheckSymbolExists.cxx.o: In function `main':
CheckSymbolExists.cxx:(.text+0x1b): undefined reference to `pthread_create'
collect2: error: ld returned 1 exit status
CMakeFiles/cmTC_a1fbe.dir/build.make:86: recipe for target 'cmTC_a1fbe' failed
make[1]: *** [cmTC_a1fbe] Error 1
make[1]: Leaving directory '/home/dgxuser125/rt-kennan/Swish/build/CMakeFiles/CMakeTmp'
Makefile:121: recipe for target 'cmTC_a1fbe/fast' failed
make: *** [cmTC_a1fbe/fast] Error 2

File /home/dgxuser125/rt-kennan/Swish/build/CMakeFiles/CMakeTmp/CheckSymbolExists.cxx:
/* */
#include <pthread.h>

int main(int argc, char** argv)
{
  (void)argv;
#ifndef pthread_create
  return ((int*)(&pthread_create))[argc];
#else
  (void)argc;
  return 0;
#endif
}

Determining if the function pthread_create exists in the pthreads failed with the following output:
Change Dir: /home/dgxuser125/rt-kennan/Swish/build/CMakeFiles/CMakeTmp

Run Build Command(s):/usr/bin/make cmTC_118db/fast 
/usr/bin/make -f CMakeFiles/cmTC_118db.dir/build.make CMakeFiles/cmTC_118db.dir/build
make[1]: Entering directory '/home/dgxuser125/rt-kennan/Swish/build/CMakeFiles/CMakeTmp'
Building CXX object CMakeFiles/cmTC_118db.dir/CheckFunctionExists.cxx.o
/usr/bin/c++    -Wall -Wno-long-long -pedantic -Wno-deprecated-declarations -Wno-deprecated-declarations -DCHECK_FUNCTION_EXISTS=pthread_create   -o CMakeFiles/cmTC_118db.dir/CheckFunctionExists.cxx.o -c /home/dgxuser125/rt-kennan/Swish/build/CMakeFiles/CheckLibraryExists/CheckFunctionExists.cxx
Linking CXX executable cmTC_118db
/usr/local/bin/cmake -E cmake_link_script CMakeFiles/cmTC_118db.dir/link.txt --verbose=1
/usr/bin/c++   -Wall -Wno-long-long -pedantic -Wno-deprecated-declarations -Wno-deprecated-declarations -DCHECK_FUNCTION_EXISTS=pthread_create    CMakeFiles/cmTC_118db.dir/CheckFunctionExists.cxx.o  -o cmTC_118db -lpthreads 
/usr/bin/ld: cannot find -lpthreads
collect2: error: ld returned 1 exit status
CMakeFiles/cmTC_118db.dir/build.make:86: recipe for target 'cmTC_118db' failed
make[1]: *** [cmTC_118db] Error 1
make[1]: Leaving directory '/home/dgxuser125/rt-kennan/Swish/build/CMakeFiles/CMakeTmp'
Makefile:121: recipe for target 'cmTC_118db/fast' failed
make: *** [cmTC_118db/fast] Error 2


